*** Starting uWSGI 2.0.18 (32bit) on [Sat May  9 16:52:12 2020] ***
compiled with version: 5.4.0 20160609 on 09 May 2020 03:12:30
os: Linux-4.15.0-91-generic #92~16.04.1-Ubuntu SMP Fri Feb 28 14:55:18 UTC 2020
nodename: ubuntu
machine: i686
clock source: unix
detected number of CPU cores: 1
current working directory: /home/hao/project/liqian/liqian
detected binary path: /home/hao/.virtualenvs/LIQIAN/bin/uwsgi
!!! no internal routing support, rebuild with pcre support !!!
chdir() to /home/hao/project/liqian
your processes number limit is 31386
your memory page size is 4096 bytes
detected max file descriptor number: 1024
lock engine: pthread robust mutexes
thunder lock: disabled (you can enable it with --thunder-lock)
Python version: 3.5.2 (default, Oct  8 2019, 13:06:37)  [GCC 5.4.0 20160609]
*** Python threads support is disabled. You can enable it with --enable-threads ***
Python main interpreter initialized at 0x8d4b3a8
The -s/--socket option is missing and stdin is not a socket.
*** Starting uWSGI 2.0.18 (32bit) on [Sat May  9 22:13:46 2020] ***
compiled with version: 5.4.0 20160609 on 09 May 2020 03:12:30
os: Linux-4.15.0-91-generic #92~16.04.1-Ubuntu SMP Fri Feb 28 14:55:18 UTC 2020
nodename: ubuntu
machine: i686
clock source: unix
detected number of CPU cores: 1
current working directory: /home/hao/project/liqian/liqian
detected binary path: /home/hao/.virtualenvs/LIQIAN/bin/uwsgi
!!! no internal routing support, rebuild with pcre support !!!
chdir() to /home/hao/project/liqian
your processes number limit is 31386
your memory page size is 4096 bytes
detected max file descriptor number: 1024
lock engine: pthread robust mutexes
thunder lock: disabled (you can enable it with --thunder-lock)
Python version: 3.5.2 (default, Oct  8 2019, 13:06:37)  [GCC 5.4.0 20160609]
*** Python threads support is disabled. You can enable it with --enable-threads ***
Python main interpreter initialized at 0x894d3d8
The -s/--socket option is missing and stdin is not a socket.
